nohup: ignoring input
     chrom-Enh  chromStart   chromEnd        TSS  label    id
0         chr6    52746800   52747029   52926000      1     0
1        chr17     4276980    4277820    5135306      1     1
2        chr11    60837835   60839600   60222600      1     2
3         chr1   235109249  235109342  234741625      1     3
4         chr4    89744952   89745112   90032597      1     4
5         chr2    42334000   42334400   42396106      1     5
6        chr16    53127419   53128901   53088284      1     6
7        chr19      983200     983303     924082      1     7
8         chr8    98611400   98611612   98655002      1     8
9         chrX    55941755   55941800   55743852      1     9
10       chr19    49299000   49299121   49466344      1    10
11        chr9    37404542   37405000   37027796      1    11
12        chr8    11389910   11392422   11348771      1    12
13       chr20    43238400   43238669   42838310      1    13
14       chr16    31880806   31880898   30960047      1    14
15       chr10    11721288   11721514   11204851      1    15
16       chr16    87809228   87809334   87424949      1    16
17        chr9    20353457   20355490   20620259      1    17
18        chr1   153777499  153778773  153948386      1    18
19        chr5   134180719  134181000  134239999      1    19
20        chr5   179244113  179244211  177540137      1    20
21        chr5    63932954   63933249   64777332      1    21
22       chr17     8025618    8025955    8124121      1    22
23       chr16    50716000   50716652   50099625      1    23
24        chr3    39338649   39338747   39424581      1    24
25       chr11    62195015   62195252   62323200      1    25
26        chr1   118208600  118208761  117908617      1    26
27       chr14    24801807   24802323   24898401      1    27
28       chr12    75724207   75724377   75874338      1    28
29        chrX    12978723   12978831   14047132      1    29
...        ...         ...        ...        ...    ...   ...
4196     chr16    68507564   68508006   68877228      0  4196
4197      chr2   111500047  111500332  111434623      0  4197
4198     chr15    90575200   90575578   90543812      0  4198
4199      chr1   100866003  100866400  101185082      0  4199
4200     chr11   118478327  118478584  118271240      0  4200
4201      chr1    32729141   32731477   33004858      0  4201
4202      chr2    42123543   42124415   42396106      0  4202
4203     chr17     7341400    7341481    7461251      0  4203
4204      chr9   140064743  140064800  140098910      0  4204
4205     chr12    30948800   30949389   30847909      0  4205
4206      chr8    70717288   70717676   70744314      0  4206
4207     chr12   113486830  113487269  113621989      0  4207
4208      chr1    23443237   23443380   23503805      0  4208
4209      chr8    29630456   29630800   30583398      0  4209
4210     chr12   112620870  112621600  112818751      0  4210
4211      chr6    18122600   18122726   17600231      0  4211
4212     chr16     3131302    3131483    2653095      0  4212
4213      chr6    26258000   26258179   25962400      0  4213
4214     chr19    17357692   17358000   17444617      0  4214
4215     chr18     9351966    9352058    9474602      0  4215
4216      chr1    58573404   58574052   59011299      0  4216
4217     chr15    91412400   91412600   90807857      0  4217
4218      chr8   102010922  102011000  101734565      0  4218
4219      chr9   130659510  130659610  130185347      0  4219
4220      chr1    32062208   32062596   33430151      0  4220
4221      chr9   139482585  139482600  139332090      0  4221
4222     chr14    75390250   75390400   75535184      0  4222
4223     chr11    72763546   72763600   73689852      0  4223
4224     chr16    22379612   22379735   22448000      0  4224
4225      chr1   156929400  156929540  157014994      0  4225

[4226 rows x 6 columns]
Process will start, process histon_df nums=0
Process will start, process histon_df nums=5
Process will start, process histon_df nums=5
Process will start, process histon_df nums=10
Process will start, process histon_df nums=10
Process will start, process histon_df nums=15
Process will start, process histon_df nums=15
Process will start, process histon_df nums=20
Process will start, process histon_df nums=20
Process will start, process histon_df nums=25
Process will start, process histon_df nums=25
Process will start, process histon_df nums=30
Process will start, process histon_df nums=30
Process will start, process histon_df nums=35
Process will start, process histon_df nums=35
Process will start, process histon_df nums=40
Process will start, process histon_df nums=40
Process will start, process histon_df nums=45
Process will start, process histon_df nums=45
Process will start, process histon_df nums=50
Process will start, process histon_df nums=50
Process will start, process histon_df nums=55
Process will start, process histon_df nums=55
Process will start, process histon_df nums=60
Process will start, process histon_df nums=60
Process will start, process histon_df nums=65
Process will start, process histon_df nums=65
Process will start, process histon_df nums=70
Process will start, process histon_df nums=70
Process will start, process histon_df nums=75
Process will start, process histon_df nums=75
Process will start, process histon_df nums=80
Process will start, process histon_df nums=80
Process will start, process histon_df nums=85
Process will start, process histon_df nums=85
Process will start, process histon_df nums=90
Process will start, process histon_df nums=90
Process will start, process histon_df nums=95
Process will start, process histon_df nums=95
Process will start, process histon_df nums=100
Process will start, process histon_df nums=100
Process will start, process histon_df nums=105
Process will start, process histon_df nums=105
Process will start, process histon_df nums=110
Process will start, process histon_df nums=110
Process will start, process histon_df nums=115
Process will start, process histon_df nums=115
Process will start, process histon_df nums=120
Process will start, process histon_df nums=120
Process will start, process histon_df nums=125
Process will start, process histon_df nums=125
Process will start, process histon_df nums=130
Process will start, process histon_df nums=130
Process will start, process histon_df nums=135
Process will start, process histon_df nums=135
Process will start, process histon_df nums=140
ENCFF093WNM (4226, 17) (4226, 17) (4226, 17) (4226, 17)
ENCFF253TVS (4226, 17) (4226, 17) (4226, 17) (4226, 17)
ENCFF601QJM (4226, 17) (4226, 17) (4226, 17) (4226, 17)
ENCFF317ATF (4226, 17) (4226, 17) (4226, 17) (4226, 17)
ENCFF695NNX (4226, 17) (4226, 17) (4226, 17) (4226, 17)
ENCFF986RLS (4226, 17) (4226, 17) (4226, 17) (4226, 17)
ENCFF972GFU (4226, 17) (4226, 17) (4226, 17) (4226, 17)
ENCFF247YHM (4226, 17) (4226, 17) (4226, 17) (4226, 17)
ENCFF457WBU (4226, 17) (4226, 17) (4226, 17) (4226, 17)
ENCFF118LBD (4226, 17) (4226, 17) (4226, 17) (4226, 17)
ENCFF887VZZ (4226, 17) (4226, 17) (4226, 17) (4226, 17)
ENCFF491NVT (4226, 17) (4226, 17) (4226, 17) (4226, 17)
ENCFF379LXD (4226, 17) (4226, 17) (4226, 17) (4226, 17)
ENCFF692VTI (4226, 17) (4226, 17) (4226, 17) (4226, 17)
ENCFF734EMB (4226, 17) (4226, 17) (4226, 17) (4226, 17)
ENCFF628ZZL (4226, 17) (4226, 17) (4226, 17) (4226, 17)
ENCFF284OML (4226, 17) (4226, 17) (4226, 17) (4226, 17)
ENCFF982HET (4226, 17) (4226, 17) (4226, 17) (4226, 17)
ENCFF436OWU (4226, 17) (4226, 17) (4226, 17) (4226, 17)
ENCFF709QKK (4226, 17) (4226, 17) (4226, 17) (4226, 17)
ENCFF833VKG (4226, 17) (4226, 17) (4226, 17) (4226, 17)
ENCFF626GCR (4226, 17) (4226, 17) (4226, 17) (4226, 17)
ENCFF866OLZ (4226, 17) (4226, 17) (4226, 17) (4226, 17)
ENCFF591LRS (4226, 17) (4226, 17) (4226, 17) (4226, 17)
ENCFF136HKZ (4226, 17) (4226, 17) (4226, 17) (4226, 17)
ENCFF688WOB (4226, 17) (4226, 17) (4226, 17) (4226, 17)
ENCFF685NUU (4226, 17) (4226, 17) (4226, 17) (4226, 17)
ENCFF084PVB (4226, 17) (4226, 17) (4226, 17) (4226, 17)
ENCFF795PEX (4226, 17) (4226, 17) (4226, 17) (4226, 17)
ENCFF113YPN (4226, 17) (4226, 17) (4226, 17) (4226, 17)
ENCFF019FNI (4226, 17) (4226, 17) (4226, 17) (4226, 17)
ENCFF289WNM (4226, 17) (4226, 17) (4226, 17) (4226, 17)
ENCFF929USO (4226, 17) (4226, 17) (4226, 17) (4226, 17)
ENCFF489ZRF (4226, 17) (4226, 17) (4226, 17) (4226, 17)
ENCFF094PMF (4226, 17) (4226, 17) (4226, 17) (4226, 17)
ENCFF178CPV (4226, 17) (4226, 17) (4226, 17) (4226, 17)
ENCFF789TQP (4226, 17) (4226, 17) (4226, 17) (4226, 17)
ENCFF565JQY (4226, 17) (4226, 17) (4226, 17) (4226, 17)
ENCFF815LEF (4226, 17) (4226, 17) (4226, 17) (4226, 17)
ENCFF122PLB (4226, 17) (4226, 17) (4226, 17) (4226, 17)
ENCFF844ORN (4226, 17) (4226, 17) (4226, 17) (4226, 17)
ENCFF191NQS (4226, 17) (4226, 17) (4226, 17) (4226, 17)
ENCFF156VOX (4226, 17) (4226, 17) (4226, 17) (4226, 17)
ENCFF502JYT (4226, 17) (4226, 17) (4226, 17) (4226, 17)
ENCFF973NBX (4226, 17) (4226, 17) (4226, 17) (4226, 17)
ENCFF114HTB (4226, 17) (4226, 17) (4226, 17) (4226, 17)
ENCFF485PHV (4226, 17) (4226, 17) (4226, 17) (4226, 17)
ENCFF099MXC (4226, 17) (4226, 17) (4226, 17) (4226, 17)
ENCFF613VCR (4226, 17) (4226, 17) (4226, 17) (4226, 17)
ENCFF468GKJ (4226, 17) (4226, 17) (4226, 17) (4226, 17)
ENCFF112DTU (4226, 17) (4226, 17) (4226, 17) (4226, 17)
ENCFF069WNS (4226, 17) (4226, 17) (4226, 17) (4226, 17)
ENCFF246ZRW (4226, 17) (4226, 17) (4226, 17) (4226, 17)
ENCFF054TZW (4226, 17) (4226, 17) (4226, 17) (4226, 17)
ENCFF244PNH (4226, 17) (4226, 17) (4226, 17) (4226, 17)
ENCFF080QIA (4226, 17) (4226, 17) (4226, 17) (4226, 17)
ENCFF496OFD (4226, 17) (4226, 17) (4226, 17) (4226, 17)
ENCFF689WPU (4226, 17) (4226, 17) (4226, 17) (4226, 17)
ENCFF838ATU (4226, 17) (4226, 17) (4226, 17) (4226, 17)
ENCFF333CPM (4226, 17) (4226, 17) (4226, 17) (4226, 17)
ENCFF591DYQ (4226, 17) (4226, 17) (4226, 17) (4226, 17)
ENCFF075PCI (4226, 17) (4226, 17) (4226, 17) (4226, 17)
GSM733664_hg19_wgEncodeBroadHistoneGm12878H3k9me3StdPk (4226, 17) (4226, 17) (4226, 17) (4226, 17)
ENCFF636JXY (4226, 17) (4226, 17) (4226, 17) (4226, 17)
ENCFF999YFK (4226, 17) (4226, 17) (4226, 17) (4226, 17)
ENCFF854TVA (4226, 17) (4226, 17) (4226, 17) (4226, 17)
ENCFF864PVD (4226, 17) (4226, 17) (4226, 17) (4226, 17)
ENCFF496UYK (4226, 17) (4226, 17) (4226, 17) (4226, 17)
ENCFF770RYX (4226, 17) (4226, 17) (4226, 17) (4226, 17)
ENCFF518BAN (4226, 17) (4226, 17) (4226, 17) (4226, 17)
ENCFF670DLM (4226, 17) (4226, 17) (4226, 17) (4226, 17)
ENCFF921NFP (4226, 17) (4226, 17) (4226, 17) (4226, 17)
ENCFF849JNQ (4226, 17) (4226, 17) (4226, 17) (4226, 17)
ENCFF455HXY (4226, 17) (4226, 17) (4226, 17) (4226, 17)
GSM935562_hg19_wgEncodeSydhTfbsGm12878P300bStdPk (4226, 17) (4226, 17) (4226, 17) (4226, 17)
ENCFF630PWI (4226, 17) (4226, 17) (4226, 17) (4226, 17)
ENCFF465WTH (4226, 17) (4226, 17) (4226, 17) (4226, 17)
ENCFF113PGY (4226, 17) (4226, 17) (4226, 17) (4226, 17)
ENCFF447TGK (4226, 17) (4226, 17) (4226, 17) (4226, 17)
ENCFF352QMZ (4226, 17) (4226, 17) (4226, 17) (4226, 17)
ENCFF372FLW (4226, 17) (4226, 17) (4226, 17) (4226, 17)
ENCFF455MUC (4226, 17) (4226, 17) (4226, 17) (4226, 17)
ENCFF106CWI (4226, 17) (4226, 17) (4226, 17) (4226, 17)
ENCFF793WOV (4226, 17) (4226, 17) (4226, 17) (4226, 17)
ENCFF138BYH (4226, 17) (4226, 17) (4226, 17) (4226, 17)
ENCFF078EBJ (4226, 17) (4226, 17) (4226, 17) (4226, 17)
ENCFF312KOJ (4226, 17) (4226, 17) (4226, 17) (4226, 17)
ENCFF893XGS (4226, 17) (4226, 17) (4226, 17) (4226, 17)
ENCFF359FUJ (4226, 17) (4226, 17) (4226, 17) (4226, 17)
ENCFF300RLB (4226, 17) (4226, 17) (4226, 17) (4226, 17)
ENCFF779XER (4226, 17) (4226, 17) (4226, 17) (4226, 17)
ENCFF972PDN (4226, 17) (4226, 17) (4226, 17) (4226, 17)
ENCFF911SLA (4226, 17) (4226, 17) (4226, 17) (4226, 17)
ENCFF776GTW (4226, 17) (4226, 17) (4226, 17) (4226, 17)
ENCFF595JYV (4226, 17) (4226, 17) (4226, 17) (4226, 17)
ENCFF966LMJ (4226, 17) (4226, 17) (4226, 17) (4226, 17)
ENCFF980AUY (4226, 17) (4226, 17) (4226, 17) (4226, 17)
ENCFF270KWZ (4226, 17) (4226, 17) (4226, 17) (4226, 17)
ENCFF023RDZ (4226, 17) (4226, 17) (4226, 17) (4226, 17)
ENCFF655JXN (4226, 17) (4226, 17) (4226, 17) (4226, 17)
ENCFF016PPO (4226, 17) (4226, 17) (4226, 17) (4226, 17)
ENCFF252RWC (4226, 17) (4226, 17) (4226, 17) (4226, 17)
ENCFF510UIU (4226, 17) (4226, 17) (4226, 17) (4226, 17)
ENCFF375HRI (4226, 17) (4226, 17) (4226, 17) (4226, 17)
ENCFF378GKG (4226, 17) (4226, 17) (4226, 17) (4226, 17)
ENCFF706QLS (4226, 17) (4226, 17) (4226, 17) (4226, 17)
ENCFF411KUR (4226, 17) (4226, 17) (4226, 17) (4226, 17)
ENCFF557TKJ (4226, 17) (4226, 17) (4226, 17) (4226, 17)
ENCFF711VHK (4226, 17) (4226, 17) (4226, 17) (4226, 17)
ENCFF883DUG (4226, 17) (4226, 17) (4226, 17) (4226, 17)
ENCFF868UJU (4226, 17) (4226, 17) (4226, 17) (4226, 17)
ENCFF920WQE (4226, 17) (4226, 17) (4226, 17) (4226, 17)
ENCFF599NQC (4226, 17) (4226, 17) (4226, 17) (4226, 17)
ENCFF423FMQ (4226, 17) (4226, 17) (4226, 17) (4226, 17)
ENCFF304FFB (4226, 17) (4226, 17) (4226, 17) (4226, 17)
ENCFF772NOR (4226, 17) (4226, 17) (4226, 17) (4226, 17)
ENCFF453YFD (4226, 17) (4226, 17) (4226, 17) (4226, 17)
ENCFF951TLZ (4226, 17) (4226, 17) (4226, 17) (4226, 17)
ENCFF716JVW (4226, 17) (4226, 17) (4226, 17) (4226, 17)
ENCFF955NAK (4226, 17) (4226, 17) (4226, 17) (4226, 17)
ENCFF877OQG (4226, 17) (4226, 17) (4226, 17) (4226, 17)
ENCFF063ECO (4226, 17) (4226, 17) (4226, 17) (4226, 17)
ENCFF186XBP (4226, 17) (4226, 17) (4226, 17) (4226, 17)
ENCFF173DKW (4226, 17) (4226, 17) (4226, 17) (4226, 17)
ENCFF891ZCM (4226, 17) (4226, 17) (4226, 17) (4226, 17)
ENCFF234PNC (4226, 17) (4226, 17) (4226, 17) (4226, 17)
ENCFF648GNP (4226, 17) (4226, 17) (4226, 17) (4226, 17)
ENCFF974PTU (4226, 17) (4226, 17) (4226, 17) (4226, 17)
ENCFF814CGS (4226, 17) (4226, 17) (4226, 17) (4226, 17)
ENCFF083HDR (4226, 17) (4226, 17) (4226, 17) (4226, 17)
ENCFF811UJD (4226, 17) (4226, 17) (4226, 17) (4226, 17)
ENCFF289FQM (4226, 17) (4226, 17) (4226, 17) (4226, 17)
ENCFF033WHB (4226, 17) (4226, 17) (4226, 17) (4226, 17)
ENCFF128GGA (4226, 17) (4226, 17) (4226, 17) (4226, 17)
ENCFF934NEI (4226, 17) (4226, 17) (4226, 17) (4226, 17)
ENCFF574RLW (4226, 17) (4226, 17) (4226, 17) (4226, 17)
ENCFF596IAY (4226, 17) (4226, 17) (4226, 17) (4226, 17)
ENCFF879SHG (4226, 17) (4226, 17) (4226, 17) (4226, 17)
ENCFF884ZYH (4226, 17) (4226, 17) (4226, 17) (4226, 17)
ENCFF947MLS (4226, 17) (4226, 17) (4226, 17) (4226, 17)
Process end.
