nohup: ignoring input
     chrom-Enh  chromStart   chromEnd        TSS  label    id
0         chr1   160960200  160960800  161067539      1     0
1        chr11    62192027   62192197   62322939      1     1
2        chr10    63508904   63510771   63660890      1     2
3        chr15    55513051   55514190   55699740      1     3
4         chr2    36885476   36885915   36582564      1     4
5         chr4   103548981  103549338  103352206      1     5
6         chr9   114834738  114835800  114658531      1     6
7         chr7   107519662  107519867  107383612      1     7
8         chr6     3054800    3054936    2999020      1     8
9         chr5    36696552   36696671   36240961      1     9
10        chr6    43771807   43772325   44042056      1    10
11       chr11   100702199  100702379  100557962      1    11
12       chr16     2178102    2178200    2058607      1    12
13       chr13    92374869   92374961   91999545      1    13
14       chr12    50450155   50450800   50235901      1    14
15       chr18    12653702   12653800   12376075      1    15
16       chr12    13196600   13197000   13349189      1    16
17        chr7   116445089  116445200  116311743      1    17
18       chr12   132347217  132347749  132434388      1    18
19        chr5   130723546  130723600  130506156      1    19
20       chr16     2177404    2177920    2058607      1    20
21       chr17     8076200    8076600    8025758      1    21
22       chr12   104674400  104675208  104609414      1    22
23        chr6    47066284   47066713   47276469      1    23
24        chr1   235011843  235012600  234743809      1    24
25       chr10    71185691   71185919   71389986      1    25
26       chr20    31265774   31266013   31350131      1    26
27        chr1   207082000  207082200  206785333      1    27
28       chr22    32343090   32343276   32056831      1    28
29        chr2    28840822   28840914   28973568      1    29
...        ...         ...        ...        ...    ...   ...
3450     chr11    63246655   63246771   62358435      0  3450
3451      chr2   202017000  202017458  201980637      0  3451
3452      chr1   156599563  156600201  156541076      0  3452
3453      chr9    72561700   72562103   72873444      0  3453
3454      chr1    24372237   24374000   24018015      0  3454
3455     chr19     3153808    3154293    2900336      0  3455
3456      chr9   131629570  131630392  131709532      0  3456
3457     chr15    65165320   65165521   65134080      0  3457
3458     chr17    27066818   27067038   26971945      0  3458
3459      chr9   132465097  132465422  132244101      0  3459
3460      chr1    27193000   27193061   28261421      0  3460
3461     chr17     7121000    7121200    7386460      0  3461
3462     chr18     8933998    8934174    8800961      0  3462
3463     chr16     2939734    2940600    2866906      0  3463
3464     chr18    11119242   11122365   11857151      0  3464
3465      chr5    10524600   10524800   10249252      0  3465
3466     chr10    75669800   75670557   75531894      0  3466
3467      chr3    16024000   16025372   16305710      0  3467
3468     chr19    46428391   46428616   46498268      0  3468
3469     chr10     6001644    6001929    5931559      0  3469
3470     chr19    43354836   43356690   42746685      0  3470
3471     chr10     5626549    5627783    6130899      0  3471
3472     chr16     4734410    4735065    3766731      0  3472
3473     chr17    48278425   48278517   48423427      0  3473
3474      chr1   209441986  209442278  209957570      0  3474
3475     chr11    65850800   65851684   65728587      0  3475
3476     chr15    90863000   90863210   89877240      0  3476
3477     chr11    33920446   33921800   34126550      0  3477
3478     chr15    78518231   78518338   78423808      0  3478
3479     chr19    18598000   18598033   18111497      0  3479

[3480 rows x 6 columns]
Process will start, process histon_df nums=0
Process will start, process histon_df nums=4
Process will start, process histon_df nums=4
Process will start, process histon_df nums=8
Process will start, process histon_df nums=8
Process will start, process histon_df nums=12
Process will start, process histon_df nums=12
Process will start, process histon_df nums=16
Process will start, process histon_df nums=16
Process will start, process histon_df nums=20
Process will start, process histon_df nums=20
Process will start, process histon_df nums=24
Process will start, process histon_df nums=24
Process will start, process histon_df nums=28
Process will start, process histon_df nums=28
Process will start, process histon_df nums=32
Process will start, process histon_df nums=32
Process will start, process histon_df nums=36
Process will start, process histon_df nums=36
Process will start, process histon_df nums=40
Process will start, process histon_df nums=40
Process will start, process histon_df nums=44
Process will start, process histon_df nums=44
Process will start, process histon_df nums=48
Process will start, process histon_df nums=48
Process will start, process histon_df nums=52
Process will start, process histon_df nums=52
Process will start, process histon_df nums=56
Process will start, process histon_df nums=56
Process will start, process histon_df nums=60
Process will start, process histon_df nums=60
Process will start, process histon_df nums=64
Process will start, process histon_df nums=64
Process will start, process histon_df nums=68
Process will start, process histon_df nums=68
Process will start, process histon_df nums=72
Process will start, process histon_df nums=72
Process will start, process histon_df nums=76
Process will start, process histon_df nums=76
Process will start, process histon_df nums=80
Process will start, process histon_df nums=80
Process will start, process histon_df nums=84
Process will start, process histon_df nums=84
Process will start, process histon_df nums=88
Process will start, process histon_df nums=88
Process will start, process histon_df nums=92
Process will start, process histon_df nums=92
Process will start, process histon_df nums=96
Process will start, process histon_df nums=96
Process will start, process histon_df nums=100
Process will start, process histon_df nums=100
Process will start, process histon_df nums=104
Process will start, process histon_df nums=104
Process will start, process histon_df nums=108
Process will start, process histon_df nums=108
Process will start, process histon_df nums=112
ENCFF002CTQ (3480, 17) (3480, 17) (3480, 17) (3480, 17)
ENCFF001VJO (3480, 17) (3480, 17) (3480, 17) (3480, 17)
ENCFF002CSJ (3480, 17) (3480, 17) (3480, 17) (3480, 17)
ENCFF001VIX (3480, 17) (3480, 17) (3480, 17) (3480, 17)
ENCFF002CTN (3480, 17) (3480, 17) (3480, 17) (3480, 17)
ENCFF002CST (3480, 17) (3480, 17) (3480, 17) (3480, 17)
ENCFF002CSS (3480, 17) (3480, 17) (3480, 17) (3480, 17)
ENCFF002CTI (3480, 17) (3480, 17) (3480, 17) (3480, 17)
ENCFF002CTC (3480, 17) (3480, 17) (3480, 17) (3480, 17)
ENCFF002CSC (3480, 17) (3480, 17) (3480, 17) (3480, 17)
ENCFF947ROX (3480, 17) (3480, 17) (3480, 17) (3480, 17)
ENCFF102MXI (3480, 17) (3480, 17) (3480, 17) (3480, 17)
ENCFF001VIJ (3480, 17) (3480, 17) (3480, 17) (3480, 17)
ENCFF002CSP (3480, 17) (3480, 17) (3480, 17) (3480, 17)
ENCFF001VIV (3480, 17) (3480, 17) (3480, 17) (3480, 17)
ENCFF001VHV (3480, 17) (3480, 17) (3480, 17) (3480, 17)
ENCFF001VIL (3480, 17) (3480, 17) (3480, 17) (3480, 17)
ENCFF001VIB (3480, 17) (3480, 17) (3480, 17) (3480, 17)
ENCFF982QSW (3480, 17) (3480, 17) (3480, 17) (3480, 17)
ENCFF001VHY (3480, 17) (3480, 17) (3480, 17) (3480, 17)
ENCFF002CSF (3480, 17) (3480, 17) (3480, 17) (3480, 17)
ENCFF002CSA (3480, 17) (3480, 17) (3480, 17) (3480, 17)
ENCFF002CTR (3480, 17) (3480, 17) (3480, 17) (3480, 17)
ENCFF771NEX (3480, 17) (3480, 17) (3480, 17) (3480, 17)
ENCFF001VJR (3480, 17) (3480, 17) (3480, 17) (3480, 17)
ENCFF002CSD (3480, 17) (3480, 17) (3480, 17) (3480, 17)
ENCFF001VJK (3480, 17) (3480, 17) (3480, 17) (3480, 17)
ENCFF182VVP (3480, 17) (3480, 17) (3480, 17) (3480, 17)
ENCFF001VJI (3480, 17) (3480, 17) (3480, 17) (3480, 17)
ENCFF916VLX (3480, 17) (3480, 17) (3480, 17) (3480, 17)
ENCFF056OVB (3480, 17) (3480, 17) (3480, 17) (3480, 17)
ENCFF108DAJ (3480, 17) (3480, 17) (3480, 17) (3480, 17)
ENCFF001VJP (3480, 17) (3480, 17) (3480, 17) (3480, 17)
ENCFF115JOX (3480, 17) (3480, 17) (3480, 17) (3480, 17)
ENCFF641SRD (3480, 17) (3480, 17) (3480, 17) (3480, 17)
ENCFF224VQB (3480, 17) (3480, 17) (3480, 17) (3480, 17)
ENCFF002CSX (3480, 17) (3480, 17) (3480, 17) (3480, 17)
ENCFF001VJD (3480, 17) (3480, 17) (3480, 17) (3480, 17)
ENCFF069BQG (3480, 17) (3480, 17) (3480, 17) (3480, 17)
ENCFF002CSW (3480, 17) (3480, 17) (3480, 17) (3480, 17)
ENCFF001VIH (3480, 17) (3480, 17) (3480, 17) (3480, 17)
ENCFF002CRZ (3480, 17) (3480, 17) (3480, 17) (3480, 17)
ENCFF002CSH (3480, 17) (3480, 17) (3480, 17) (3480, 17)
ENCFF469AWW (3480, 17) (3480, 17) (3480, 17) (3480, 17)
ENCFF001VIC (3480, 17) (3480, 17) (3480, 17) (3480, 17)
ENCFF563OMA (3480, 17) (3480, 17) (3480, 17) (3480, 17)
ENCFF001VIO (3480, 17) (3480, 17) (3480, 17) (3480, 17)
ENCFF001VJJ (3480, 17) (3480, 17) (3480, 17) (3480, 17)
ENCFF002CSU (3480, 17) (3480, 17) (3480, 17) (3480, 17)
ENCFF101ZZI (3480, 17) (3480, 17) (3480, 17) (3480, 17)
ENCFF376QIY (3480, 17) (3480, 17) (3480, 17) (3480, 17)
ENCFF001VJS (3480, 17) (3480, 17) (3480, 17) (3480, 17)
ENCFF758RCJ (3480, 17) (3480, 17) (3480, 17) (3480, 17)
ENCFF645PHP (3480, 17) (3480, 17) (3480, 17) (3480, 17)
ENCFF789PAH (3480, 17) (3480, 17) (3480, 17) (3480, 17)
ENCFF001VIY (3480, 17) (3480, 17) (3480, 17) (3480, 17)
ENCFF542GBR (3480, 17) (3480, 17) (3480, 17) (3480, 17)
ENCFF723WDR (3480, 17) (3480, 17) (3480, 17) (3480, 17)
ENCFF410YQK (3480, 17) (3480, 17) (3480, 17) (3480, 17)
ENCFF001VIG (3480, 17) (3480, 17) (3480, 17) (3480, 17)
ENCFF001VJT (3480, 17) (3480, 17) (3480, 17) (3480, 17)
ENCFF110NTE (3480, 17) (3480, 17) (3480, 17) (3480, 17)
ENCFF467AZY (3480, 17) (3480, 17) (3480, 17) (3480, 17)
ENCFF001SVX (3480, 17) (3480, 17) (3480, 17) (3480, 17)
ENCFF001VJE (3480, 17) (3480, 17) (3480, 17) (3480, 17)
ENCFF001VIQ (3480, 17) (3480, 17) (3480, 17) (3480, 17)
ENCFF002CTP (3480, 17) (3480, 17) (3480, 17) (3480, 17)
ENCFF252BLX (3480, 17) (3480, 17) (3480, 17) (3480, 17)
ENCFF001VIF (3480, 17) (3480, 17) (3480, 17) (3480, 17)
ENCFF086NLE (3480, 17) (3480, 17) (3480, 17) (3480, 17)
ENCFF721NEP (3480, 17) (3480, 17) (3480, 17) (3480, 17)
ENCFF201KBA (3480, 17) (3480, 17) (3480, 17) (3480, 17)
ENCFF985GJY (3480, 17) (3480, 17) (3480, 17) (3480, 17)
ENCFF002CTG (3480, 17) (3480, 17) (3480, 17) (3480, 17)
ENCFF474KGT (3480, 17) (3480, 17) (3480, 17) (3480, 17)
ENCFF123SPG (3480, 17) (3480, 17) (3480, 17) (3480, 17)
ENCFF176OCS (3480, 17) (3480, 17) (3480, 17) (3480, 17)
ENCFF659LDA (3480, 17) (3480, 17) (3480, 17) (3480, 17)
ENCFF668USP (3480, 17) (3480, 17) (3480, 17) (3480, 17)
ENCFF144EOJ (3480, 17) (3480, 17) (3480, 17) (3480, 17)
ENCFF492VYK (3480, 17) (3480, 17) (3480, 17) (3480, 17)
ENCFF002CSV (3480, 17) (3480, 17) (3480, 17) (3480, 17)
ENCFF526HPH (3480, 17) (3480, 17) (3480, 17) (3480, 17)
ENCFF249ESZ (3480, 17) (3480, 17) (3480, 17) (3480, 17)
ENCFF915PWP (3480, 17) (3480, 17) (3480, 17) (3480, 17)
ENCFF312HIY (3480, 17) (3480, 17) (3480, 17) (3480, 17)
ENCFF427OVX (3480, 17) (3480, 17) (3480, 17) (3480, 17)
ENCFF002CTM (3480, 17) (3480, 17) (3480, 17) (3480, 17)
ENCFF927JDY (3480, 17) (3480, 17) (3480, 17) (3480, 17)
ENCFF142CSP (3480, 17) (3480, 17) (3480, 17) (3480, 17)
ENCFF001VIU (3480, 17) (3480, 17) (3480, 17) (3480, 17)
ENCFF045UZK (3480, 17) (3480, 17) (3480, 17) (3480, 17)
ENCFF002CSI (3480, 17) (3480, 17) (3480, 17) (3480, 17)
ENCFF224GZD (3480, 17) (3480, 17) (3480, 17) (3480, 17)
ENCFF041YQB (3480, 17) (3480, 17) (3480, 17) (3480, 17)
ENCFF558HCQ (3480, 17) (3480, 17) (3480, 17) (3480, 17)
ENCFF001VIZ (3480, 17) (3480, 17) (3480, 17) (3480, 17)
ENCFF002CSL (3480, 17) (3480, 17) (3480, 17) (3480, 17)
ENCFF737CTQ (3480, 17) (3480, 17) (3480, 17) (3480, 17)
ENCFF588CWW (3480, 17) (3480, 17) (3480, 17) (3480, 17)
ENCFF366QAV (3480, 17) (3480, 17) (3480, 17) (3480, 17)
ENCFF796KTU (3480, 17) (3480, 17) (3480, 17) (3480, 17)
ENCFF002CTH (3480, 17) (3480, 17) (3480, 17) (3480, 17)
ENCFF122JHO (3480, 17) (3480, 17) (3480, 17) (3480, 17)
ENCFF001VIW (3480, 17) (3480, 17) (3480, 17) (3480, 17)
ENCFF078RBU (3480, 17) (3480, 17) (3480, 17) (3480, 17)
ENCFF988BKX (3480, 17) (3480, 17) (3480, 17) (3480, 17)
ENCFF200PQB (3480, 17) (3480, 17) (3480, 17) (3480, 17)
ENCFF607MHD (3480, 17) (3480, 17) (3480, 17) (3480, 17)
ENCFF107ZNB (3480, 17) (3480, 17) (3480, 17) (3480, 17)
ENCFF002CRW (3480, 17) (3480, 17) (3480, 17) (3480, 17)
ENCFF001VIA (3480, 17) (3480, 17) (3480, 17) (3480, 17)
Process end.
