nohup: ignoring input
histone nums=  19
     chrom-Enh  chromStart   chromEnd        TSS  label    id
0        chr16    57624410   57624600   57768676      1     0
1         chr9   133630648  133632277  133587933      1     1
2         chr7    27184000   27187400   26415362      1     2
3         chr5   141071600  141071634  141337369      1     3
4         chr7    92254426   92255566   92465779      1     4
5        chr19    47488060   47488152   47248824      1     5
6        chr13    42226158   42226985   42031554      1     6
7         chr2   178008200  178008642  177502019      1     7
8         chr2   187751835  187751932  188309633      1     8
9         chr5   176513444  176513536  176073951      1     9
10       chr19     9902200    9902524    9419970      1    10
11        chr8   126142166  126142200  126441208      1    11
12        chr5    54282400   54283368   54455521      1    12
13        chr5    56789785   56791907   57752808      1    13
14       chr11   119192888  119193584  118964627      1    14
15       chr12    43678562   43679843   42981203      1    15
16       chr16    19078348   19078400   18995162      1    16
17        chr2   187748483  187750216  188309633      1    17
18        chr9    18442520   18442675   19048829      1    18
19        chr6    35265600   35266092   35419937      1    19
20        chr1    85760921   85761000   86173424      1    20
21        chr5   172294778  172294878  172196800      1    21
22       chr21    27268223   27268629   27541139      1    22
23        chr2   205557000  205557800  206546558      1    23
24        chr7    26723058   26723348   27179000      1    24
25       chr22    36593400   36593820   36876979      1    25
26        chr8   126671400  126671996  126103377      1    26
27       chr10    22610890   22611800   22291550      1    27
28        chr2    36882136   36883646   36581510      1    28
29        chr9   140317908  140318616  140196643      1    29
...        ...         ...        ...        ...    ...   ...
3018      chr3   119487582  119489879  119811519      0  3018
3019     chr17    73102224   73102478   74731678      0  3019
3020      chr5   154026600  154027400  154236465      0  3020
3021     chr10    44357457   44360445   44143838      0  3021
3022     chr16    68162700   68163200   67880136      0  3022
3023     chr17    66195600   66196000   65988918      0  3023
3024     chr17    17464713   17465864   17380137      0  3024
3025     chr15    75493244   75493384   75165106      0  3025
3026     chr15    74667200   74667545   74890800      0  3026
3027     chr19     1041232    1041473    1478582      0  3027
3028      chr3   119366276  119366373  119187497      0  3028
3029      chr7    38255577   38256158   38217336      0  3029
3030      chr2   208711913  208713363  208575272      0  3030
3031      chr3    11758600   11759400   11887664      0  3031
3032      chr3    12910666   12910800   11761870      0  3032
3033     chr17    31131589   31135838   30676520      0  3033
3034      chr1    11989878   11990346   12039843      0  3034
3035      chr1   235796600  235796741  236227224      0  3035
3036      chr1    45738244   45739429   45805039      0  3036
3037      chr3    15335896   15338054   16305719      0  3037
3038     chr10    50391651   50392018   50746302      0  3038
3039     chr19    54510953   54512457   54369403      0  3039
3040     chr17     7982600    7983366    8079283      0  3040
3041     chr19    47663092   47663207   46365496      0  3041
3042     chr10    73079600   73079773   73723917      0  3042
3043      chr3   193789600  193789806  193852157      0  3043
3044     chr20    50009969   50010788   49547516      0  3044
3045      chr1    23214865   23215957   23810513      0  3045
3046      chr9    35113749   35113800   35657430      0  3046
3047      chr9   131266207  131266600  131580392      0  3047

[3048 rows x 6 columns]
Process will start, process histon_df nums=0
Process will start, process histon_df nums=1
Process will start, process histon_df nums=1
Process will start, process histon_df nums=2
Process will start, process histon_df nums=2
Process will start, process histon_df nums=3
Process will start, process histon_df nums=3
Process will start, process histon_df nums=4
Process will start, process histon_df nums=4
Process will start, process histon_df nums=5
Process will start, process histon_df nums=5
Process will start, process histon_df nums=6
Process will start, process histon_df nums=6
Process will start, process histon_df nums=7
Process will start, process histon_df nums=7
Process will start, process histon_df nums=8
Process will start, process histon_df nums=8
Process will start, process histon_df nums=9
Process will start, process histon_df nums=9
Process will start, process histon_df nums=10
Process will start, process histon_df nums=10
Process will start, process histon_df nums=11
Process will start, process histon_df nums=11
Process will start, process histon_df nums=12
Process will start, process histon_df nums=12
Process will start, process histon_df nums=13
Process will start, process histon_df nums=13
Process will start, process histon_df nums=14
Process will start, process histon_df nums=14
Process will start, process histon_df nums=15
Process will start, process histon_df nums=15
Process will start, process histon_df nums=16
Process will start, process histon_df nums=16
Process will start, process histon_df nums=17
Process will start, process histon_df nums=17
Process will start, process histon_df nums=18
Process will start, process histon_df nums=18
Process will start, process histon_df nums=19
HUVEC4 (3048, 17) (3048, 17) (3048, 17) (3048, 17)
HUVEC3 (3048, 17) (3048, 17) (3048, 17) (3048, 17)
HUVEC7 (3048, 17) (3048, 17) (3048, 17) (3048, 17)
HUVEC5 (3048, 17) (3048, 17) (3048, 17) (3048, 17)
HUVEC13 (3048, 17) (3048, 17) (3048, 17) (3048, 17)
HUVEC11 (3048, 17) (3048, 17) (3048, 17) (3048, 17)
HUVEC21 (3048, 17) (3048, 17) (3048, 17) (3048, 17)
HUVEC1 (3048, 17) (3048, 17) (3048, 17) (3048, 17)
HUVEC20 (3048, 17) (3048, 17) (3048, 17) (3048, 17)
HUVEC19 (3048, 17) (3048, 17) (3048, 17) (3048, 17)
HUVEC12 (3048, 17) (3048, 17) (3048, 17) (3048, 17)
HUVEC15 (3048, 17) (3048, 17) (3048, 17) (3048, 17)
HUVEC10 (3048, 17) (3048, 17) (3048, 17) (3048, 17)
HUVEC8 (3048, 17) (3048, 17) (3048, 17) (3048, 17)
HUVEC9 (3048, 17) (3048, 17) (3048, 17) (3048, 17)
HUVEC17 (3048, 17) (3048, 17) (3048, 17) (3048, 17)
HUVEC6 (3048, 17) (3048, 17) (3048, 17) (3048, 17)
HUVEC16 (3048, 17) (3048, 17) (3048, 17) (3048, 17)
HUVEC14 (3048, 17) (3048, 17) (3048, 17) (3048, 17)
Process end.
