nohup: ignoring input
      chrom-Enh  chromStart   chromEnd        TSS  label     id
0          chr1      841000     841200     895800      1      0
1          chr1      841200     841400     895800      1      1
2          chr1      841600     842600     895800      1      2
3          chr1     2342400    2343000    2457600      1      3
4          chr1     2345000    2345600    2457600      1      4
5          chr1     2346200    2346400    2457600      1      5
6          chr1     9932600    9932800   10003400      1      6
7          chr1     9933000    9933200   10003400      1      7
8          chr1     9933200    9933400   10003400      1      8
9          chr1    20902000   20902200   20959800      1      9
10         chr1    20902200   20902400   20959800      1     10
11         chr1    20903200   20903400   20959800      1     11
12         chr1    27625200   27625400   27719000      1     12
13         chr1    27626000   27626200   27719000      1     13
14         chr1    27627400   27628200   27719000      1     14
15         chr1    31275000   31275200   31381600      1     15
16         chr1    33560400   33560800   33938200      1     16
17         chr1    33561800   33562600   33938200      1     17
18         chr1    33563000   33566200   33938200      1     18
19         chr1    33854600   33856200   33896400      1     19
20         chr1    33856200   33856600   33896400      1     20
21         chr1    33856600   33857200   33896400      1     21
22         chr1    33858000   33858200   33896400      1     22
23         chr1    33858200   33858400   33896400      1     23
24         chr1    33859400   33860600   33896400      1     24
25         chr1    35667800   35668200   36023000      1     25
26         chr1    45301400   45301600   45477800      1     26
27         chr1    45301600   45302000   45477800      1     27
28         chr1    45480200   45480400   45956400      1     28
29         chr1    45480400   45480600   45956400      1     29
...         ...         ...        ...        ...    ...    ...
26224      chr1     6795800    6796000    6296000      0  26224
26225     chr13    31403800   31404000   32889600      0  26225
26226      chrX   102794000  102794200  101975200      0  26226
26227      chr2    86289000   86289200   85360400      0  26227
26228      chrX    10265000   10265400   11683600      0  26228
26229      chr7    75421400   75421600   77045600      0  26229
26230     chr22    20231200   20231600   18632600      0  26230
26231     chr17    41418800   41420000   41856200      0  26231
26232      chr3    15678200   15678600   14444000      0  26232
26233     chr17    36453800   36454200   36861400      0  26233
26234     chr11    11835200   11835400   10772200      0  26234
26235      chr3   149125800  149126000  150264400      0  26235
26236     chr14    75122400   75122600   74111400      0  26236
26237     chr11    65327000   65327800   64794800      0  26237
26238      chr1   160094000  160094400  161129200      0  26238
26239      chr9    37284000   37284200   35815000      0  26239
26240      chr8   144935400  144936200  145691400      0  26240
26241      chr8   131554200  131554400  132916200      0  26241
26242     chr14    91000000   91000200   91976800      0  26242
26243      chr5    95903000   95903200   94982400      0  26243
26244     chr17    44026200   44026400   42977000      0  26244
26245     chr10   117532800  117533200  116697800      0  26245
26246     chr15    76509600   76509800   76135600      0  26246
26247     chr22    39897000   39897400   38669000      0  26247
26248      chr2    37865000   37865600   38893000      0  26248
26249      chr4    55434200   55434400   54930800      0  26249
26250     chr15    68966200   68966600   67813400      0  26250
26251     chr14    71288000   71288200   69619800      0  26251
26252      chr2   208670600  208671200  207139200      0  26252
26253     chr14    56317400   56318200   57857000      0  26253

[26254 rows x 6 columns]
Process will start, process histon_df nums=0
Process will start, process histon_df nums=1
Process will start, process histon_df nums=1
Process will start, process histon_df nums=2
Process will start, process histon_df nums=2
Process will start, process histon_df nums=3
Process will start, process histon_df nums=3
Process will start, process histon_df nums=4
Process will start, process histon_df nums=4
Process will start, process histon_df nums=5
Process will start, process histon_df nums=5
Process will start, process histon_df nums=6
Process will start, process histon_df nums=6
Process will start, process histon_df nums=7
Process will start, process histon_df nums=7
Process will start, process histon_df nums=8
Process will start, process histon_df nums=8
Process will start, process histon_df nums=9
Process will start, process histon_df nums=9
Process will start, process histon_df nums=10
Process will start, process histon_df nums=10
Process will start, process histon_df nums=11
Process will start, process histon_df nums=11
Process will start, process histon_df nums=12
Process will start, process histon_df nums=12
Process will start, process histon_df nums=13
Process will start, process histon_df nums=13
Process will start, process histon_df nums=14
Process will start, process histon_df nums=14
Process will start, process histon_df nums=15
Process will start, process histon_df nums=15
Process will start, process histon_df nums=16
Process will start, process histon_df nums=16
Process will start, process histon_df nums=17
Process will start, process histon_df nums=17
Process will start, process histon_df nums=18
Process will start, process histon_df nums=18
Process will start, process histon_df nums=19
Process will start, process histon_df nums=19
Process will start, process histon_df nums=20
Process will start, process histon_df nums=20
Process will start, process histon_df nums=21
Process will start, process histon_df nums=21
Process will start, process histon_df nums=22
Process will start, process histon_df nums=22
Process will start, process histon_df nums=23
Process will start, process histon_df nums=23
Process will start, process histon_df nums=24
Process will start, process histon_df nums=24
Process will start, process histon_df nums=25
Process will start, process histon_df nums=25
Process will start, process histon_df nums=26
Process will start, process histon_df nums=26
Process will start, process histon_df nums=27
Process will start, process histon_df nums=27
Process will start, process histon_df nums=28
GSM1003615_hg19_wgEncodeSydhTfbsImr90Rfx5IggrabPk (26254, 17) (26254, 17) (26254, 17) (26254, 17)
GSM1003614_hg19_wgEncodeSydhTfbsImr90Mxi1IggrabPk (26254, 17) (26254, 17) (26254, 17) (26254, 17)
GSM935513_hg19_wgEncodeSydhTfbsImr90Pol2IggrabPk (26254, 17) (26254, 17) (26254, 17) (26254, 17)
ENCFF477ADG (26254, 17) (26254, 17) (26254, 17) (26254, 17)
ENCFF591URJ (26254, 17) (26254, 17) (26254, 17) (26254, 17)
ENCFF375BAC (26254, 17) (26254, 17) (26254, 17) (26254, 17)
ENCFF635GQB (26254, 17) (26254, 17) (26254, 17) (26254, 17)
ENCFF805SYF (26254, 17) (26254, 17) (26254, 17) (26254, 17)
ENCFF689QNO (26254, 17) (26254, 17) (26254, 17) (26254, 17)
ENCFF060FTC (26254, 17) (26254, 17) (26254, 17) (26254, 17)
ENCFF775ZPD (26254, 17) (26254, 17) (26254, 17) (26254, 17)
ENCFF050VDL (26254, 17) (26254, 17) (26254, 17) (26254, 17)
ENCFF724FBP (26254, 17) (26254, 17) (26254, 17) (26254, 17)
ENCFF263ADC (26254, 17) (26254, 17) (26254, 17) (26254, 17)
ENCFF882BWU (26254, 17) (26254, 17) (26254, 17) (26254, 17)
ENCFF940YUU (26254, 17) (26254, 17) (26254, 17) (26254, 17)
ENCFF497YWO (26254, 17) (26254, 17) (26254, 17) (26254, 17)
ENCFF574TBH (26254, 17) (26254, 17) (26254, 17) (26254, 17)
ENCFF460AIN (26254, 17) (26254, 17) (26254, 17) (26254, 17)
ENCFF925XIR (26254, 17) (26254, 17) (26254, 17) (26254, 17)
ENCFF362TZV (26254, 17) (26254, 17) (26254, 17) (26254, 17)
ENCFF070OIO (26254, 17) (26254, 17) (26254, 17) (26254, 17)
ENCFF619TUA (26254, 17) (26254, 17) (26254, 17) (26254, 17)
ENCFF551KOG (26254, 17) (26254, 17) (26254, 17) (26254, 17)
ENCFF731ASC (26254, 17) (26254, 17) (26254, 17) (26254, 17)
ENCFF427NVF (26254, 17) (26254, 17) (26254, 17) (26254, 17)
ENCFF366NUF (26254, 17) (26254, 17) (26254, 17) (26254, 17)
ENCFF296UFF (26254, 17) (26254, 17) (26254, 17) (26254, 17)
Process end.
