nohup: ignoring input
     chrom-Enh  chromStart   chromEnd        TSS  label    id
0        chr19    45844193   45844728   45680408      1     0
1         chr3    48471662   48471754   48228292      1     1
2         chr6   139145824  139146172  139693702      1     2
3         chrX    10143490   10143690   11128846      1     3
4        chr16    31891800   31892600   30968000      1     4
5         chr9   140429085  140429756  140196615      1     5
6        chr20    48797167   48797473   48598563      1     6
7         chr1    16400449   16400658   16677563      1     7
8         chr6    27784807   27785190   26203135      1     8
9        chr17    46114078   46114372   46680020      1     9
10        chr6   116883000  116883086  116598376      1    10
11       chr20    30221200   30222491   30306455      1    11
12        chr8    91232203   91232400   92052222      1    12
13        chr3    13135280   13135500   13520832      1    13
14       chr19    56134892   56135000   55670154      1    14
15        chr6    33245800   33245980   33377292      1    15
16        chr6   126284190  126284535  126101400      1    16
17       chr12   108958444  108958800  109535058      1    17
18        chr4   103932879  103933212  103351995      1    18
19       chr19    45287780   45288200   45348742      1    19
20        chrX    10141480   10142017   11128846      1    20
21       chr16    22216000   22216422   22307817      1    21
22        chr1    26930200   26930209   27113600      1    22
23        chr6     2859751    2859851    2987400      1    23
24        chr9   129719701  129719904  130678316      1    24
25       chr17    46123000   46123600   46680020      1    25
26        chr9    33375237   33376510   33472910      1    26
27        chr6     2853862    2855849    2987400      1    27
28       chr14   102428898  102429000  102782913      1    28
29       chr14   102538060  102538180  102782913      1    29
...        ...         ...        ...        ...    ...   ...
3924     chr19     3089454    3089802    2819585      0  3924
3925     chr20    33277289   33277560   33459830      0  3925
3926     chr15    40957200   40957509   40225758      0  3926
3927      chr1    12104245   12105018   12226862      0  3927
3928     chr11   107656276  107656594  107327608      0  3928
3929     chr22    37705808   37705920   38243841      0  3929
3930     chr17    42349808   42350152   42400963      0  3930
3931     chr17    43461517   43461765   43127511      0  3931
3932     chr11    61566142   61566349   61196523      0  3932
3933     chr19    55920400   55920496   55996182      0  3933
3934     chr20    34655175   34655382   35201089      0  3934
3935     chr19    50281513   50281800   50871875      0  3935
3936      chr6     2942869    2943600    2970800      0  3936
3937      chr6    42067076   42068663   41887400      0  3937
3938     chr17    36473272   36473381   36980606      0  3938
3939     chr20    33779796   33780743   31988379      0  3939
3940      chr1    26993394   26993651   27319774      0  3940
3941     chr17    31291196   31291442   30813269      0  3941
3942     chr12    52362844   52362957   53573535      0  3942
3943      chr1   234718569  234718663  235489769      0  3943
3944      chr1    32419149   32419249   32858132      0  3944
3945      chr7    29647657   29647792   29845982      0  3945
3946     chr19     5805402    5805495    5621162      0  3946
3947      chr6    44935130   44935273   42944944      0  3947
3948     chr20    46020445   46021880   46129470      0  3948
3949     chr11    67331652   67331766   67396571      0  3949
3950     chr17    80188260   80188400   80230224      0  3950
3951      chr8   124297980  124298328  124428816      0  3951
3952     chr17    43045611   43046355   43209308      0  3952
3953      chr9    96846800   96846818   97021403      0  3953

[3954 rows x 6 columns]
Process will start, process histon_df nums=0
Process will start, process histon_df nums=6
Process will start, process histon_df nums=6
Process will start, process histon_df nums=12
Process will start, process histon_df nums=12
Process will start, process histon_df nums=18
Process will start, process histon_df nums=18
Process will start, process histon_df nums=24
Process will start, process histon_df nums=24
Process will start, process histon_df nums=30
Process will start, process histon_df nums=30
Process will start, process histon_df nums=36
Process will start, process histon_df nums=36
Process will start, process histon_df nums=42
Process will start, process histon_df nums=42
Process will start, process histon_df nums=48
Process will start, process histon_df nums=48
Process will start, process histon_df nums=54
Process will start, process histon_df nums=54
Process will start, process histon_df nums=60
Process will start, process histon_df nums=60
Process will start, process histon_df nums=66
Process will start, process histon_df nums=66
Process will start, process histon_df nums=72
Process will start, process histon_df nums=72
Process will start, process histon_df nums=78
Process will start, process histon_df nums=78
Process will start, process histon_df nums=84
Process will start, process histon_df nums=84
Process will start, process histon_df nums=90
Process will start, process histon_df nums=90
Process will start, process histon_df nums=96
Process will start, process histon_df nums=96
Process will start, process histon_df nums=102
Process will start, process histon_df nums=102
Process will start, process histon_df nums=108
Process will start, process histon_df nums=108
Process will start, process histon_df nums=114
Process will start, process histon_df nums=114
Process will start, process histon_df nums=120
Process will start, process histon_df nums=120
Process will start, process histon_df nums=126
Process will start, process histon_df nums=126
Process will start, process histon_df nums=132
Process will start, process histon_df nums=132
Process will start, process histon_df nums=138
Process will start, process histon_df nums=138
Process will start, process histon_df nums=144
Process will start, process histon_df nums=144
Process will start, process histon_df nums=150
Process will start, process histon_df nums=150
Process will start, process histon_df nums=156
Process will start, process histon_df nums=156
Process will start, process histon_df nums=162
Process will start, process histon_df nums=162
Process will start, process histon_df nums=168
ENCFF307TQZ (3954, 17) (3954, 17) (3954, 17) (3954, 17)
ENCFF825VQR (3954, 17) (3954, 17) (3954, 17) (3954, 17)
ENCFF801WND (3954, 17) (3954, 17) (3954, 17) (3954, 17)
ENCFF180NNF (3954, 17) (3954, 17) (3954, 17) (3954, 17)
ENCFF570JVX (3954, 17) (3954, 17) (3954, 17) (3954, 17)
ENCFF672WGZ (3954, 17) (3954, 17) (3954, 17) (3954, 17)
ENCFF626TOQ (3954, 17) (3954, 17) (3954, 17) (3954, 17)
ENCFF586SUS (3954, 17) (3954, 17) (3954, 17) (3954, 17)
ENCFF961HHN (3954, 17) (3954, 17) (3954, 17) (3954, 17)
ENCFF711NWL (3954, 17) (3954, 17) (3954, 17) (3954, 17)
ENCFF508HQW (3954, 17) (3954, 17) (3954, 17) (3954, 17)
ENCFF322OPC (3954, 17) (3954, 17) (3954, 17) (3954, 17)
ENCFF755NTM (3954, 17) (3954, 17) (3954, 17) (3954, 17)
ENCFF324CAS (3954, 17) (3954, 17) (3954, 17) (3954, 17)
ENCFF019DFB (3954, 17) (3954, 17) (3954, 17) (3954, 17)
ENCFF080VTW (3954, 17) (3954, 17) (3954, 17) (3954, 17)
ENCFF803FZY (3954, 17) (3954, 17) (3954, 17) (3954, 17)
ENCFF430CBL (3954, 17) (3954, 17) (3954, 17) (3954, 17)
ENCFF351DKB (3954, 17) (3954, 17) (3954, 17) (3954, 17)
ENCFF439SZI (3954, 17) (3954, 17) (3954, 17) (3954, 17)
ENCFF870JMX (3954, 17) (3954, 17) (3954, 17) (3954, 17)
ENCFF326WKP (3954, 17) (3954, 17) (3954, 17) (3954, 17)
ENCFF288BMB (3954, 17) (3954, 17) (3954, 17) (3954, 17)
ENCFF116JZW (3954, 17) (3954, 17) (3954, 17) (3954, 17)
ENCFF653UJT (3954, 17) (3954, 17) (3954, 17) (3954, 17)
ENCFF920IJY (3954, 17) (3954, 17) (3954, 17) (3954, 17)
ENCFF774YSI (3954, 17) (3954, 17) (3954, 17) (3954, 17)
ENCFF810MGC (3954, 17) (3954, 17) (3954, 17) (3954, 17)
ENCFF481CBF (3954, 17) (3954, 17) (3954, 17) (3954, 17)
ENCFF047FUX (3954, 17) (3954, 17) (3954, 17) (3954, 17)
ENCFF759MWN (3954, 17) (3954, 17) (3954, 17) (3954, 17)
ENCFF475WRI (3954, 17) (3954, 17) (3954, 17) (3954, 17)
ENCFF698RHA (3954, 17) (3954, 17) (3954, 17) (3954, 17)
ENCFF813JVU (3954, 17) (3954, 17) (3954, 17) (3954, 17)
ENCFF847FHY (3954, 17) (3954, 17) (3954, 17) (3954, 17)
ENCFF541RTC (3954, 17) (3954, 17) (3954, 17) (3954, 17)
ENCFF562UJV (3954, 17) (3954, 17) (3954, 17) (3954, 17)
ENCFF899XEM (3954, 17) (3954, 17) (3954, 17) (3954, 17)
ENCFF163ZFQ (3954, 17) (3954, 17) (3954, 17) (3954, 17)
ENCFF211PND (3954, 17) (3954, 17) (3954, 17) (3954, 17)
ENCFF235AXH (3954, 17) (3954, 17) (3954, 17) (3954, 17)
ENCFF507JPU (3954, 17) (3954, 17) (3954, 17) (3954, 17)
ENCFF507ZLI (3954, 17) (3954, 17) (3954, 17) (3954, 17)
ENCFF061TTI (3954, 17) (3954, 17) (3954, 17) (3954, 17)
ENCFF714FTS (3954, 17) (3954, 17) (3954, 17) (3954, 17)
ENCFF342EJU (3954, 17) (3954, 17) (3954, 17) (3954, 17)
ENCFF443OXB (3954, 17) (3954, 17) (3954, 17) (3954, 17)
ENCFF077KRK (3954, 17) (3954, 17) (3954, 17) (3954, 17)
ENCFF512HLJ (3954, 17) (3954, 17) (3954, 17) (3954, 17)
ENCFF091TOR (3954, 17) (3954, 17) (3954, 17) (3954, 17)
ENCFF662CIT (3954, 17) (3954, 17) (3954, 17) (3954, 17)
ENCFF946QMH (3954, 17) (3954, 17) (3954, 17) (3954, 17)
ENCFF528ISK (3954, 17) (3954, 17) (3954, 17) (3954, 17)
ENCFF182AWR (3954, 17) (3954, 17) (3954, 17) (3954, 17)
ENCFF337ISL (3954, 17) (3954, 17) (3954, 17) (3954, 17)
ENCFF976RBY (3954, 17) (3954, 17) (3954, 17) (3954, 17)
ENCFF292SNP (3954, 17) (3954, 17) (3954, 17) (3954, 17)
ENCFF302RJE (3954, 17) (3954, 17) (3954, 17) (3954, 17)
ENCFF883ZAE (3954, 17) (3954, 17) (3954, 17) (3954, 17)
ENCFF732QKX (3954, 17) (3954, 17) (3954, 17) (3954, 17)
ENCFF614RPL (3954, 17) (3954, 17) (3954, 17) (3954, 17)
ENCFF269OJD (3954, 17) (3954, 17) (3954, 17) (3954, 17)
ENCFF676HRI (3954, 17) (3954, 17) (3954, 17) (3954, 17)
ENCFF596KVH (3954, 17) (3954, 17) (3954, 17) (3954, 17)
ENCFF790RYU (3954, 17) (3954, 17) (3954, 17) (3954, 17)
ENCFF149SPA (3954, 17) (3954, 17) (3954, 17) (3954, 17)
GSM1003583_hg19_wgEncodeBroadHistoneK562P300StdPk (3954, 17) (3954, 17) (3954, 17) (3954, 17)
ENCFF891UIQ (3954, 17) (3954, 17) (3954, 17) (3954, 17)
ENCFF713KSL (3954, 17) (3954, 17) (3954, 17) (3954, 17)
ENCFF620JKI (3954, 17) (3954, 17) (3954, 17) (3954, 17)
ENCFF952DON (3954, 17) (3954, 17) (3954, 17) (3954, 17)
ENCFF368XWG (3954, 17) (3954, 17) (3954, 17) (3954, 17)
ENCFF070BNL (3954, 17) (3954, 17) (3954, 17) (3954, 17)
ENCFF254UHS (3954, 17) (3954, 17) (3954, 17) (3954, 17)
ENCFF122POU (3954, 17) (3954, 17) (3954, 17) (3954, 17)
ENCFF959MXK (3954, 17) (3954, 17) (3954, 17) (3954, 17)
ENCFF805KEB (3954, 17) (3954, 17) (3954, 17) (3954, 17)
ENCFF164BVB (3954, 17) (3954, 17) (3954, 17) (3954, 17)
ENCFF995LKI (3954, 17) (3954, 17) (3954, 17) (3954, 17)
ENCFF629JIS (3954, 17) (3954, 17) (3954, 17) (3954, 17)
ENCFF738UPC (3954, 17) (3954, 17) (3954, 17) (3954, 17)
ENCFF778NFD (3954, 17) (3954, 17) (3954, 17) (3954, 17)
ENCFF159IRT (3954, 17) (3954, 17) (3954, 17) (3954, 17)
ENCFF412YTK (3954, 17) (3954, 17) (3954, 17) (3954, 17)
ENCFF778OYJ (3954, 17) (3954, 17) (3954, 17) (3954, 17)
ENCFF927YRG (3954, 17) (3954, 17) (3954, 17) (3954, 17)
ENCFF320JKZ (3954, 17) (3954, 17) (3954, 17) (3954, 17)
ENCFF622IDZ (3954, 17) (3954, 17) (3954, 17) (3954, 17)
ENCFF263MQY (3954, 17) (3954, 17) (3954, 17) (3954, 17)
ENCFF357MIU (3954, 17) (3954, 17) (3954, 17) (3954, 17)
ENCFF545FAT (3954, 17) (3954, 17) (3954, 17) (3954, 17)
ENCFF916MQB (3954, 17) (3954, 17) (3954, 17) (3954, 17)
ENCFF521MOS (3954, 17) (3954, 17) (3954, 17) (3954, 17)
ENCFF739TWP (3954, 17) (3954, 17) (3954, 17) (3954, 17)
ENCFF463JJS (3954, 17) (3954, 17) (3954, 17) (3954, 17)
ENCFF332OJQ (3954, 17) (3954, 17) (3954, 17) (3954, 17)
ENCFF041YJV (3954, 17) (3954, 17) (3954, 17) (3954, 17)
ENCFF644MVI (3954, 17) (3954, 17) (3954, 17) (3954, 17)
ENCFF578UBP (3954, 17) (3954, 17) (3954, 17) (3954, 17)
ENCFF736MDX (3954, 17) (3954, 17) (3954, 17) (3954, 17)
ENCFF178ANU (3954, 17) (3954, 17) (3954, 17) (3954, 17)
ENCFF670YGF (3954, 17) (3954, 17) (3954, 17) (3954, 17)
ENCFF755LJZ (3954, 17) (3954, 17) (3954, 17) (3954, 17)
ENCFF107VAF (3954, 17) (3954, 17) (3954, 17) (3954, 17)
ENCFF106RGY (3954, 17) (3954, 17) (3954, 17) (3954, 17)
ENCFF388GQN (3954, 17) (3954, 17) (3954, 17) (3954, 17)
ENCFF808YAS (3954, 17) (3954, 17) (3954, 17) (3954, 17)
ENCFF936EYU (3954, 17) (3954, 17) (3954, 17) (3954, 17)
ENCFF331SRY (3954, 17) (3954, 17) (3954, 17) (3954, 17)
ENCFF791GAM (3954, 17) (3954, 17) (3954, 17) (3954, 17)
ENCFF318HRX (3954, 17) (3954, 17) (3954, 17) (3954, 17)
ENCFF523ODF (3954, 17) (3954, 17) (3954, 17) (3954, 17)
ENCFF505EIB (3954, 17) (3954, 17) (3954, 17) (3954, 17)
ENCFF220GLK (3954, 17) (3954, 17) (3954, 17) (3954, 17)
ENCFF109VMO (3954, 17) (3954, 17) (3954, 17) (3954, 17)
ENCFF831QNI (3954, 17) (3954, 17) (3954, 17) (3954, 17)
ENCFF165OLG (3954, 17) (3954, 17) (3954, 17) (3954, 17)
ENCFF634YJK (3954, 17) (3954, 17) (3954, 17) (3954, 17)
ENCFF106WXI (3954, 17) (3954, 17) (3954, 17) (3954, 17)
ENCFF971SGR (3954, 17) (3954, 17) (3954, 17) (3954, 17)
ENCFF837CQV (3954, 17) (3954, 17) (3954, 17) (3954, 17)
ENCFF996VOF (3954, 17) (3954, 17) (3954, 17) (3954, 17)
ENCFF552ZAY (3954, 17) (3954, 17) (3954, 17) (3954, 17)
ENCFF269JVH (3954, 17) (3954, 17) (3954, 17) (3954, 17)
ENCFF583NBG (3954, 17) (3954, 17) (3954, 17) (3954, 17)
ENCFF582WOP (3954, 17) (3954, 17) (3954, 17) (3954, 17)
ENCFF267RGU (3954, 17) (3954, 17) (3954, 17) (3954, 17)
ENCFF513RYS (3954, 17) (3954, 17) (3954, 17) (3954, 17)
ENCFF276DPB (3954, 17) (3954, 17) (3954, 17) (3954, 17)
ENCFF113EKC (3954, 17) (3954, 17) (3954, 17) (3954, 17)
ENCFF847XRL (3954, 17) (3954, 17) (3954, 17) (3954, 17)
ENCFF184IVL (3954, 17) (3954, 17) (3954, 17) (3954, 17)
ENCFF157PBO (3954, 17) (3954, 17) (3954, 17) (3954, 17)
ENCFF400JWL (3954, 17) (3954, 17) (3954, 17) (3954, 17)
ENCFF100FXA (3954, 17) (3954, 17) (3954, 17) (3954, 17)
ENCFF536YVV (3954, 17) (3954, 17) (3954, 17) (3954, 17)
ENCFF318UXE (3954, 17) (3954, 17) (3954, 17) (3954, 17)
ENCFF081GEA (3954, 17) (3954, 17) (3954, 17) (3954, 17)
ENCFF066ONU (3954, 17) (3954, 17) (3954, 17) (3954, 17)
ENCFF033VDX (3954, 17) (3954, 17) (3954, 17) (3954, 17)
ENCFF373WLW (3954, 17) (3954, 17) (3954, 17) (3954, 17)
ENCFF609KEQ (3954, 17) (3954, 17) (3954, 17) (3954, 17)
ENCFF753OLX (3954, 17) (3954, 17) (3954, 17) (3954, 17)
ENCFF027UPQ (3954, 17) (3954, 17) (3954, 17) (3954, 17)
ENCFF058DJL (3954, 17) (3954, 17) (3954, 17) (3954, 17)
ENCFF888AZU (3954, 17) (3954, 17) (3954, 17) (3954, 17)
ENCFF975UYT (3954, 17) (3954, 17) (3954, 17) (3954, 17)
ENCFF718AFD (3954, 17) (3954, 17) (3954, 17) (3954, 17)
ENCFF253DCO (3954, 17) (3954, 17) (3954, 17) (3954, 17)
ENCFF072IAO (3954, 17) (3954, 17) (3954, 17) (3954, 17)
ENCFF740XZM (3954, 17) (3954, 17) (3954, 17) (3954, 17)
ENCFF887IBL (3954, 17) (3954, 17) (3954, 17) (3954, 17)
ENCFF643AZY (3954, 17) (3954, 17) (3954, 17) (3954, 17)
ENCFF072BMK (3954, 17) (3954, 17) (3954, 17) (3954, 17)
ENCFF003WYE (3954, 17) (3954, 17) (3954, 17) (3954, 17)
ENCFF206BMO (3954, 17) (3954, 17) (3954, 17) (3954, 17)
ENCFF702CFZ (3954, 17) (3954, 17) (3954, 17) (3954, 17)
ENCFF433ANO (3954, 17) (3954, 17) (3954, 17) (3954, 17)
ENCFF385JVK (3954, 17) (3954, 17) (3954, 17) (3954, 17)
ENCFF388RWJ (3954, 17) (3954, 17) (3954, 17) (3954, 17)
ENCFF367HPL (3954, 17) (3954, 17) (3954, 17) (3954, 17)
ENCFF828STE (3954, 17) (3954, 17) (3954, 17) (3954, 17)
ENCFF835OES (3954, 17) (3954, 17) (3954, 17) (3954, 17)
ENCFF205BAR (3954, 17) (3954, 17) (3954, 17) (3954, 17)
ENCFF280XEL (3954, 17) (3954, 17) (3954, 17) (3954, 17)
ENCFF378JGJ (3954, 17) (3954, 17) (3954, 17) (3954, 17)
ENCFF107CCL (3954, 17) (3954, 17) (3954, 17) (3954, 17)
ENCFF890RCT (3954, 17) (3954, 17) (3954, 17) (3954, 17)
Process end.
